Arguments: 
  C:\Program Files\nodejs\node.exe C:\Users\maks0\AppData\Roaming\npm\node_modules\yarn\bin\yarn.js add graphql-compose graphql-compose-mongoose @types/graphql-compose @types/graphql-compose-mongoose

PATH: 
  C:\Python39\Scripts\;C:\Python39\;C:\Windows\system32;C:\Windows;C:\Windows\System32\Wbem;C:\Windows\System32\WindowsPowerShell\v1.0\;C:\Windows\System32\OpenSSH\;C:\ProgramData\chocolatey\bin;C:\Program Files\nodejs\;C:\Program Files\Git\cmd;C:\Users\maks0\AppData\Local\Microsoft\WindowsApps;;C:\Users\maks0\AppData\Local\Programs\Microsoft VS Code\bin;C:\Users\maks0\AppData\Roaming\npm

Yarn version: 
  1.22.10

Node version: 
  14.13.1

Platform: 
  win32 x64

Trace: 
  Error: https://registry.yarnpkg.com/@types%2fgraphql-compose: Not found
      at Request.params.callback [as _callback] (C:\Users\maks0\AppData\Roaming\npm\node_modules\yarn\lib\cli.js:66988:18)
      at Request.self.callback (C:\Users\maks0\AppData\Roaming\npm\node_modules\yarn\lib\cli.js:140662:22)
      at Request.emit (events.js:314:20)
      at Request.<anonymous> (C:\Users\maks0\AppData\Roaming\npm\node_modules\yarn\lib\cli.js:141634:10)
      at Request.emit (events.js:314:20)
      at IncomingMessage.<anonymous> (C:\Users\maks0\AppData\Roaming\npm\node_modules\yarn\lib\cli.js:141556:12)
      at Object.onceWrapper (events.js:420:28)
      at IncomingMessage.emit (events.js:326:22)
      at endReadableNT (_stream_readable.js:1252:12)
      at processTicksAndRejections (internal/process/task_queues.js:80:21)

npm manifest: 
  {
    "name": "alchakov-node-mongo",
    "version": "1.0.0",
    "main": "index.ts",
    "license": "MIT",
    "dependencies": {
      "@types/cors": "^2.8.7",
      "@types/express": "^4.17.8",
      "@types/express-graphql": "^0.9.0",
      "@types/graphql": "^14.5.0",
      "@types/jsonwebtoken": "^8.5.0",
      "@types/lodash": "^4.14.161",
      "@types/multer": "^1.4.4",
      "@types/node": "^14.11.2",
      "@types/passport": "^1.0.4",
      "@types/passport-jwt": "^3.0.3",
      "@types/passport-local": "^1.0.33",
      "body-parser": "^1.19.0",
      "cors": "^2.8.5",
      "dotenv": "^8.2.0",
      "express": "^4.17.1",
      "express-graphql": "^0.11.0",
      "express-session": "^1.17.1",
      "express-validator": "^6.6.1",
      "fs": "^0.0.1-security",
      "graphql": "^15.4.0",
      "jsonwebtoken": "^8.5.1",
      "lodash": "^4.17.20",
      "mongoose": "^5.10.7",
      "multer": "^1.4.2",
      "node": "^14.12.0",
      "nodemon": "^2.0.4",
      "passport": "^0.4.1",
      "passport-jwt": "^4.0.0",
      "passport-local": "^1.0.0",
      "path": "^0.12.7",
      "ts-node": "^9.0.0",
      "typescript": "^4.0.3"
    },
    "scripts": {
      "dev": "nodemon --exec ts-node server.ts"
    },
    "devDependencies": {
      "@types/mongoose": "^5.7.36"
    }
  }

yarn manifest: 
  No manifest

Lockfile: 
  No lockfile
